c:\users\hp\desktop\dok\proj\calculator\build\calculator.dir\debug\vc140.pdb
c:\users\hp\desktop\dok\proj\calculator\build\calculator.dir\debug\main.obj
c:\users\hp\desktop\dok\proj\calculator\build\cmakefiles\generate.stamp
c:\users\hp\desktop\dok\proj\calculator\build\debug\calculator.ilk
c:\users\hp\desktop\dok\proj\calculator\build\debug\calculator.exe
c:\users\hp\desktop\dok\proj\calculator\build\debug\calculator.pdb
c:\users\hp\desktop\dok\proj\calculator\build\calculator.dir\debug\calculator.tlog\cl.command.1.tlog
c:\users\hp\desktop\dok\proj\calculator\build\calculator.dir\debug\calculator.tlog\cl.read.1.tlog
c:\users\hp\desktop\dok\proj\calculator\build\calculator.dir\debug\calculator.tlog\cl.write.1.tlog
c:\users\hp\desktop\dok\proj\calculator\build\calculator.dir\debug\calculator.tlog\custombuild.command.1.tlog
c:\users\hp\desktop\dok\proj\calculator\build\calculator.dir\debug\calculator.tlog\custombuild.read.1.tlog
c:\users\hp\desktop\dok\proj\calculator\build\calculator.dir\debug\calculator.tlog\custombuild.write.1.tlog
c:\users\hp\desktop\dok\proj\calculator\build\calculator.dir\debug\calculator.tlog\link-vctip.delete.1.tlog
c:\users\hp\desktop\dok\proj\calculator\build\calculator.dir\debug\calculator.tlog\link-vctip.delete.40.tlog
c:\users\hp\desktop\dok\proj\calculator\build\calculator.dir\debug\calculator.tlog\link-vctip.delete.47.tlog
c:\users\hp\desktop\dok\proj\calculator\build\calculator.dir\debug\calculator.tlog\link-vctip.delete.58.tlog
c:\users\hp\desktop\dok\proj\calculator\build\calculator.dir\debug\calculator.tlog\link-vctip.delete.7.tlog
c:\users\hp\desktop\dok\proj\calculator\build\calculator.dir\debug\calculator.tlog\link.17164-vctip.delete.1.tlog
c:\users\hp\desktop\dok\proj\calculator\build\calculator.dir\debug\calculator.tlog\link.17164-vctip.delete.14.tlog
c:\users\hp\desktop\dok\proj\calculator\build\calculator.dir\debug\calculator.tlog\link.17164-vctip.delete.38.tlog
c:\users\hp\desktop\dok\proj\calculator\build\calculator.dir\debug\calculator.tlog\link.17164-vctip.delete.47.tlog
c:\users\hp\desktop\dok\proj\calculator\build\calculator.dir\debug\calculator.tlog\link.17164-vctip.delete.59.tlog
c:\users\hp\desktop\dok\proj\calculator\build\calculator.dir\debug\calculator.tlog\link.19636-vctip.delete.1.tlog
c:\users\hp\desktop\dok\proj\calculator\build\calculator.dir\debug\calculator.tlog\link.19636-vctip.delete.30.tlog
c:\users\hp\desktop\dok\proj\calculator\build\calculator.dir\debug\calculator.tlog\link.19636-vctip.delete.42.tlog
c:\users\hp\desktop\dok\proj\calculator\build\calculator.dir\debug\calculator.tlog\link.19636-vctip.delete.51.tlog
c:\users\hp\desktop\dok\proj\calculator\build\calculator.dir\debug\calculator.tlog\link.19636-vctip.delete.62.tlog
c:\users\hp\desktop\dok\proj\calculator\build\calculator.dir\debug\calculator.tlog\link.30688-vctip.delete.1.tlog
c:\users\hp\desktop\dok\proj\calculator\build\calculator.dir\debug\calculator.tlog\link.30688-vctip.delete.100.tlog
c:\users\hp\desktop\dok\proj\calculator\build\calculator.dir\debug\calculator.tlog\link.30688-vctip.delete.110.tlog
c:\users\hp\desktop\dok\proj\calculator\build\calculator.dir\debug\calculator.tlog\link.30688-vctip.delete.43.tlog
c:\users\hp\desktop\dok\proj\calculator\build\calculator.dir\debug\calculator.tlog\link.30688-vctip.delete.60.tlog
c:\users\hp\desktop\dok\proj\calculator\build\calculator.dir\debug\calculator.tlog\link.30688-vctip.delete.72.tlog
c:\users\hp\desktop\dok\proj\calculator\build\calculator.dir\debug\calculator.tlog\link.30688-vctip.delete.87.tlog
c:\users\hp\desktop\dok\proj\calculator\build\calculator.dir\debug\calculator.tlog\link.30688-vctip.delete.9.tlog
c:\users\hp\desktop\dok\proj\calculator\build\calculator.dir\debug\calculator.tlog\link.command.1.tlog
c:\users\hp\desktop\dok\proj\calculator\build\calculator.dir\debug\calculator.tlog\link.read.1.tlog
c:\users\hp\desktop\dok\proj\calculator\build\calculator.dir\debug\calculator.tlog\link.write.1.tlog
